<?xml version="1.0" encoding="UTF-8"?>
<!-- Generated by org.testng.reporters.JUnitXMLReporter -->
<testsuite ignored="0" hostname="Lenovo-PC" failures="1" tests="3" name="Test" time="28.147" errors="0" timestamp="2024-12-05T11:23:48 IST">
  <testcase classname="io.cucumber.testng.AbstractTestNGCucumberTests" name="runScenario" time="14.106"/>
  <testcase classname="io.cucumber.testng.AbstractTestNGCucumberTests" name="runScenario" time="14.153"/>
  <testcase classname="io.cucumber.testng.AbstractTestNGCucumberTests" name="runScenario" time="13.439">
    <failure type="java.lang.AssertionError" message="expected [true] but found [false]">
      <![CDATA[java.lang.AssertionError: expected [true] but found [false]
at awesomeCucumber.pages.CheckOutPage.verifyAddedProduc(CheckOutPage.java:88)
at awesomeCucumber.stepdef.CheckOutStepDefinitions.I_verify_the_added_product(CheckOutStepDefinitions.java:41)
at âœ½.I verify the added product(file:///G:/SeleniumIDEWorkspace/CucumberPractise/src/test/resources/awesomecucumber/guest_place_an_order.feature:11)
... Removed 4 stack frames]]>
    </failure>
  </testcase> <!-- runScenario -->
</testsuite> <!-- Test -->
